<?xml version="1.0" encoding="UTF-8"?>
<!-- Generated by org.testng.reporters.JUnitReportReporter -->
<testsuite hostname="Tahiduls-MBP" failures="0" tests="2" name="com.practiceTestNG.PracticeCrossBrowserTesting" time="0.000" errors="1" timestamp="08 May 2023 18:13:33 GMT" skipped="1">
  <testcase classname="com.practiceTestNG.PracticeCrossBrowserTesting" name="setUp" time="0.000">
    <error message="
Parameter &#039;Browser&#039; is required by BeforeTest on method setUp but has not been marked @Optional or defined
in /private/var/folders/pq/nv0kt8j102d5w807gjbw0fn80000gn/T/testng-eclipse--1391428024/testng-customsuite.xml" type="org.testng.TestNGException">
      <![CDATA[org.testng.TestNGException: 
Parameter 'Browser' is required by BeforeTest on method setUp but has not been marked @Optional or defined
in /private/var/folders/pq/nv0kt8j102d5w807gjbw0fn80000gn/T/testng-eclipse--1391428024/testng-customsuite.xml
at org.testng.internal.Parameters.createParams(Parameters.java:290)
at org.testng.internal.Parameters.createParametersForMethod(Parameters.java:359)
at org.testng.internal.Parameters.createParameters(Parameters.java:620)
at org.testng.internal.Parameters.createConfigurationParameters(Parameters.java:190)
at org.testng.internal.Invoker.invokeConfigurations(Invoker.java:209)
at org.testng.internal.Invoker.invokeConfigurations(Invoker.java:142)
at org.testng.TestRunner.beforeRun(TestRunner.java:529)
at org.testng.TestRunner.run(TestRunner.java:497)
at org.testng.SuiteRunner.runTest(SuiteRunner.java:455)
at org.testng.SuiteRunner.runSequentially(SuiteRunner.java:450)
at org.testng.SuiteRunner.privateRun(SuiteRunner.java:415)
at org.testng.SuiteRunner.run(SuiteRunner.java:364)
at org.testng.SuiteRunnerWorker.runSuite(SuiteRunnerWorker.java:52)
at org.testng.SuiteRunnerWorker.run(SuiteRunnerWorker.java:84)
at org.testng.TestNG.runSuitesSequentially(TestNG.java:1208)
at org.testng.TestNG.runSuitesLocally(TestNG.java:1137)
at org.testng.TestNG.runSuites(TestNG.java:1049)
at org.testng.TestNG.run(TestNG.java:1017)
at org.testng.remote.AbstractRemoteTestNG.run(AbstractRemoteTestNG.java:115)
at org.testng.remote.RemoteTestNG.initAndRun(RemoteTestNG.java:251)
at org.testng.remote.RemoteTestNG.main(RemoteTestNG.java:77)
]]>
    </error>
  </testcase> <!-- setUp -->
  <testcase classname="com.practiceTestNG.PracticeCrossBrowserTesting" name="getTest" time="0.000">
    <skipped/>
  </testcase> <!-- getTest -->
</testsuite> <!-- com.practiceTestNG.PracticeCrossBrowserTesting -->
